Terminals unused in grammar

   AUTO_KEYWORD
   ENUM_KEYWORD
   RESTRICT_KEYWORD
   UNSIGNED_KEYWORD
   BREAK_KEYWORD
   EXTERN_KEYWORD
   RETURN_KEYWORD
   VOID_KEYWORD
   CASE_KEYWORD
   FLOAT_KEYWORD
   SHORT_KEYWORD
   VOLATILE_KEYWORD
   CHAR_KEYWORD
   FOR_KEYWORD
   SIGNED_KEYWORD
   WHILE_KEYWORD
   CONST_KEYWORD
   GOTO_KEYWORD
   SIZEOF_KEYWORD
   BOOL_KEYWORD
   CONTINUE_KEYWORD
   IF_KEYWORD
   STATIC_KEYWORD
   COMPLEX_KEYWORD
   DEFAULT_KEYWORD
   INLINE_KEYWORD
   STRUCT_KEYWORD
   IMAGINARY_KEYWORD
   DO_KEYWORD
   INT_KEYWORD
   SWITCH_KEYWORD
   DOUBLE_KEYWORD
   LONG_KEYWORD
   TYPEDEF_KEYWORD
   ELSE_KEYWORD
   REGISTER_KEYWORD
   UNION_KEYWORD
   IDENTIFIER
   INTEGER_CONSTANT
   FLOAT_CONSTANT
   ENUMERATION
   CHAR_CONSTANT
   STRING_LITERAL
   VAL_AT
   PLUS_PLUS
   MINUS_MINUS
   LEFT_SHIFT
   RIGHT_SHIFT
   LESS_EQUAL
   GREATER_EQUAL
   EQUAL_EQUAL
   NOT_EQUAL
   LOGICAL_AND
   LOGICAL_OR
   ELLIPSES
   STAR_EQUAL
   BY_EQUAL
   PERCENT_EQUAL
   PLUS_EQUAL
   MINUS_EQUAL
   LEFT_SHIFT_EQUAL
   RIGHT_SHIFT_EQUAL
   AND_EQUAL
   BITWISENOT_EQUAL
   OR_EQUAL
   SINGLE_COMMENT
   MULTI_COMMENT


Grammar

    0 $accept: statement $end

    1 statement: %empty


Terminals, with rules where they appear

$end (0) 0
error (256)
AUTO_KEYWORD (258)
ENUM_KEYWORD (259)
RESTRICT_KEYWORD (260)
UNSIGNED_KEYWORD (261)
BREAK_KEYWORD (262)
EXTERN_KEYWORD (263)
RETURN_KEYWORD (264)
VOID_KEYWORD (265)
CASE_KEYWORD (266)
FLOAT_KEYWORD (267)
SHORT_KEYWORD (268)
VOLATILE_KEYWORD (269)
CHAR_KEYWORD (270)
FOR_KEYWORD (271)
SIGNED_KEYWORD (272)
WHILE_KEYWORD (273)
CONST_KEYWORD (274)
GOTO_KEYWORD (275)
SIZEOF_KEYWORD (276)
BOOL_KEYWORD (277)
CONTINUE_KEYWORD (278)
IF_KEYWORD (279)
STATIC_KEYWORD (280)
COMPLEX_KEYWORD (281)
DEFAULT_KEYWORD (282)
INLINE_KEYWORD (283)
STRUCT_KEYWORD (284)
IMAGINARY_KEYWORD (285)
DO_KEYWORD (286)
INT_KEYWORD (287)
SWITCH_KEYWORD (288)
DOUBLE_KEYWORD (289)
LONG_KEYWORD (290)
TYPEDEF_KEYWORD (291)
ELSE_KEYWORD (292)
REGISTER_KEYWORD (293)
UNION_KEYWORD (294)
IDENTIFIER (295)
INTEGER_CONSTANT (296)
FLOAT_CONSTANT (297)
ENUMERATION (298)
CHAR_CONSTANT (299)
STRING_LITERAL (300)
VAL_AT (301)
PLUS_PLUS (302)
MINUS_MINUS (303)
LEFT_SHIFT (304)
RIGHT_SHIFT (305)
LESS_EQUAL (306)
GREATER_EQUAL (307)
EQUAL_EQUAL (308)
NOT_EQUAL (309)
LOGICAL_AND (310)
LOGICAL_OR (311)
ELLIPSES (312)
STAR_EQUAL (313)
BY_EQUAL (314)
PERCENT_EQUAL (315)
PLUS_EQUAL (316)
MINUS_EQUAL (317)
LEFT_SHIFT_EQUAL (318)
RIGHT_SHIFT_EQUAL (319)
AND_EQUAL (320)
BITWISENOT_EQUAL (321)
OR_EQUAL (322)
SINGLE_COMMENT (323)
MULTI_COMMENT (324)


Nonterminals, with rules where they appear

$accept (70)
    on left: 0
statement (71)
    on left: 1, on right: 0


State 0

    0 $accept: . statement $end

    $default  reduce using rule 1 (statement)

    statement  go to state 1


State 1

    0 $accept: statement . $end

    $end  shift, and go to state 2


State 2

    0 $accept: statement $end .

    $default  accept
